<?xml version="1.0"?><coverage lines-covered="633" lines-valid="5009" line-rate="0.1263725294469954" branches-covered="0" branches-valid="0" branch-rate="0" complexity="0" version="1.9" timestamp="1757107666"><sources><source>/Users/lsendel/IdeaProjects/rust-security</source></sources><packages><package name="src/metrics" line-rate="0" branch-rate="0" complexity="0"><classes></classes></package><package name="tests" line-rate="0" branch-rate="0" complexity="0"><classes></classes></package><package name="auth-service/src/domain/value_objects" line-rate="0" branch-rate="0" complexity="0"><classes><class name="scope" filename="auth-service/src/domain/value_objects/scope.rs" line-rate="0" branch-rate="0" complexity="0"><methods/><lines><line number="22" hits="0"/><line number="23" hits="0"/><line number="25" hits="0"/><line number="26" hits="0"/><line number="29" hits="0"/><line number="30" hits="0"/><line number="34" hits="0"/><line number="35" hits="0"/><line number="36" hits="0"/><line number="38" hits="0"/><line number="41" hits="0"/></lines></class></classes></package><package name="enterprise/red-team-exercises/src/scenarios" line-rate="0" branch-rate="0" complexity="0"><classes></classes></package><package name="auth-service/src/billing" line-rate="0" branch-rate="0" complexity="0"><classes></classes></package><package name="auth-service/src/threat_intelligence" line-rate="0" branch-rate="0" complexity="0"><classes></classes></package><package name="auth-service/src/modules/auth" line-rate="0" branch-rate="0" complexity="0"><classes></classes></package><package name="enterprise/security-platform/soar-engine/src" line-rate="0" branch-rate="0" complexity="0"><classes></classes></package><package name="mvp-tools/examples" line-rate="0" branch-rate="0" complexity="0"><classes></classes></package><package name="auth-service/src/modules/config" line-rate="0" branch-rate="0" complexity="0"><classes><class name="loader" filename="auth-service/src/modules/config/loader.rs" line-rate="0" branch-rate="0" complexity="0"><methods/><lines><line number="196" hits="0"/><line number="198" hits="0"/><line number="199" hits="0"/></lines></class><class name="runtime" filename="auth-service/src/modules/config/runtime.rs" line-rate="0" branch-rate="0" complexity="0"><methods/><lines><line number="58" hits="0"/><line number="59" hits="0"/><line number="60" hits="0"/><line number="61" hits="0"/><line number="67" hits="0"/></lines></class></classes></package><package name="auth-service/src/lib" line-rate="0" branch-rate="0" complexity="0"><classes></classes></package><package name="auth-service/src/shared" line-rate="0" branch-rate="0" complexity="0"><classes><class name="error" filename="auth-service/src/shared/error.rs" line-rate="0" branch-rate="0" complexity="0"><methods/><lines><line number="124" hits="0"/><line number="125" hits="0"/><line number="129" hits="0"/><line number="130" hits="0"/><line number="134" hits="0"/><line number="135" hits="0"/><line number="139" hits="0"/><line number="140" hits="0"/><line number="144" hits="0"/><line number="145" hits="0"/></lines></class><class name="error_handler" filename="auth-service/src/shared/error_handler.rs" line-rate="0" branch-rate="0" complexity="0"><methods/><lines><line number="206" hits="0"/><line number="208" hits="0"/><line number="213" hits="0"/><line number="214" hits="0"/><line number="215" hits="0"/><line number="216" hits="0"/><line number="217" hits="0"/><line number="218" hits="0"/><line number="219" hits="0"/><line number="220" hits="0"/><line number="222" hits="0"/><line number="233" hits="0"/><line number="234" hits="0"/><line number="235" hits="0"/><line number="236" hits="0"/><line number="237" hits="0"/><line number="238" hits="0"/><line number="239" hits="0"/><line number="241" hits="0"/><line number="274" hits="0"/><line number="276" hits="0"/><line number="277" hits="0"/><line number="279" hits="0"/><line number="280" hits="0"/><line number="281" hits="0"/><line number="282" hits="0"/><line number="283" hits="0"/><line number="288" hits="0"/><line number="289" hits="0"/><line number="292" hits="0"/><line number="293" hits="0"/><line number="294" hits="0"/><line number="296" hits="0"/><line number="356" hits="0"/><line number="357" hits="0"/><line number="358" hits="0"/><line number="359" hits="0"/><line number="360" hits="0"/><line number="361" hits="0"/><line number="363" hits="0"/><line number="364" hits="0"/><line number="365" hits="0"/><line number="366" hits="0"/><line number="378" hits="0"/><line number="379" hits="0"/><line number="380" hits="0"/><line number="381" hits="0"/><line number="383" hits="0"/><line number="384" hits="0"/><line number="385" hits="0"/><line number="411" hits="0"/><line number="413" hits="0"/><line number="414" hits="0"/><line number="415" hits="0"/><line number="417" hits="0"/><line number="418" hits="0"/><line number="420" hits="0"/><line number="425" hits="0"/></lines></class></classes></package><package name="auth-service/src/infrastructure/storage/session" line-rate="0" branch-rate="0" complexity="0"><classes><class name="manager" filename="auth-service/src/infrastructure/storage/session/manager.rs" line-rate="0" branch-rate="0" complexity="0"><methods/><lines><line number="24" hits="0"/><line number="25" hits="0"/><line number="29" hits="0"/><line number="30" hits="0"/></lines></class><class name="store" filename="auth-service/src/infrastructure/storage/session/store.rs" line-rate="0" branch-rate="0" complexity="0"><methods/><lines><line number="888" hits="0"/><line number="889" hits="0"/><line number="890" hits="0"/><line number="893" hits="0"/><line number="895" hits="0"/><line number="896" hits="0"/><line number="897" hits="0"/><line number="898" hits="0"/><line number="901" hits="0"/><line number="902" hits="0"/><line number="903" hits="0"/><line number="904" hits="0"/><line number="905" hits="0"/><line number="906" hits="0"/><line number="908" hits="0"/><line number="913" hits="0"/></lines></class></classes></package><package name="auth-service/src/performance" line-rate="0" branch-rate="0" complexity="0"><classes><class name="async_utils" filename="auth-service/src/performance/async_utils.rs" line-rate="0" branch-rate="0" complexity="0"><methods/><lines><line number="15" hits="0"/><line number="16" hits="0"/><line number="17" hits="0"/><line number="19" hits="0"/><line number="30" hits="0"/><line number="31" hits="0"/><line number="32" hits="0"/></lines></class><class name="smart_cache" filename="auth-service/src/performance/smart_cache.rs" line-rate="0" branch-rate="0" complexity="0"><methods/><lines><line number="33" hits="0"/><line number="35" hits="0"/><line number="38" hits="0"/><line number="50" hits="0"/><line number="51" hits="0"/><line number="52" hits="0"/><line number="53" hits="0"/><line number="54" hits="0"/><line number="56" hits="0"/><line number="62" hits="0"/><line number="63" hits="0"/><line number="64" hits="0"/><line number="67" hits="0"/><line number="68" hits="0"/><line number="71" hits="0"/><line number="74" hits="0"/><line number="77" hits="0"/><line number="78" hits="0"/></lines></class><class name="string_optimization" filename="auth-service/src/performance/string_optimization.rs" line-rate="0" branch-rate="0" complexity="0"><methods/><lines><line number="9" hits="0"/><line number="10" hits="0"/><line number="18" hits="0"/><line number="19" hits="0"/><line number="20" hits="0"/></lines></class></classes></package><package name="auth-service/tests/property" line-rate="0" branch-rate="0" complexity="0"><classes></classes></package><package name="auth-service/src/domain/repositories" line-rate="0" branch-rate="0" complexity="0"><classes></classes></package><package name="mvp-tools/security-testing/e2e-tests/security_e2e" line-rate="0" branch-rate="0" complexity="0"><classes></classes></package><package name="scripts" line-rate="0" branch-rate="0" complexity="0"><classes></classes></package><package name="enterprise/red-team-exercises/src/tools" line-rate="0" branch-rate="0" complexity="0"><classes></classes></package><package name="mvp-tools/api-contracts/target/debug/build/mime_guess-cbb21a0e57089df6/out" line-rate="0" branch-rate="0" complexity="0"><classes></classes></package><package name="mvp-tools/security-testing/e2e-tests/security_e2e/auth" line-rate="0" branch-rate="0" complexity="0"><classes></classes></package><package name="auth-service/src/features/mfa" line-rate="0" branch-rate="0" complexity="0"><classes><class name="cache" filename="auth-service/src/features/mfa/cache.rs" line-rate="0" branch-rate="0" complexity="0"><methods/><lines><line number="22" hits="0"/><line number="23" hits="0"/><line number="27" hits="0"/><line number="33" hits="0"/><line number="34" hits="0"/><line number="35" hits="0"/><line number="36" hits="0"/><line number="38" hits="0"/><line number="42" hits="0"/><line number="43" hits="0"/><line number="44" hits="0"/><line number="45" hits="0"/></lines></class></classes></package><package name="mvp-tools/auth-core/tests" line-rate="0" branch-rate="0" complexity="0"><classes></classes></package><package name="auth-service/src/infrastructure/storage/cache" line-rate="0" branch-rate="0" complexity="0"><classes><class name="basic_cache" filename="auth-service/src/infrastructure/storage/cache/basic_cache.rs" line-rate="0" branch-rate="0" complexity="0"><methods/><lines><line number="53" hits="0"/><line number="54" hits="0"/><line number="55" hits="0"/><line number="56" hits="0"/><line number="57" hits="0"/><line number="58" hits="0"/><line number="63" hits="0"/><line number="64" hits="0"/><line number="65" hits="0"/><line number="68" hits="0"/><line number="140" hits="0"/><line number="141" hits="0"/><line number="142" hits="0"/><line number="143" hits="0"/><line number="146" hits="0"/><line number="147" hits="0"/><line number="149" hits="0"/><line number="151" hits="0"/><line number="152" hits="0"/><line number="153" hits="0"/><line number="155" hits="0"/><line number="156" hits="0"/><line number="159" hits="0"/><line number="160" hits="0"/><line number="162" hits="0"/><line number="166" hits="0"/><line number="175" hits="0"/><line number="176" hits="0"/><line number="179" hits="0"/><line number="180" hits="0"/><line number="182" hits="0"/><line number="184" hits="0"/><line number="187" hits="0"/><line number="188" hits="0"/><line number="190" hits="0"/><line number="221" hits="0"/><line number="224" hits="0"/><line number="225" hits="0"/><line number="226" hits="0"/><line number="230" hits="0"/><line number="272" hits="0"/><line number="273" hits="0"/><line number="274" hits="0"/><line number="275" hits="0"/><line number="278" hits="0"/><line number="281" hits="0"/><line number="282" hits="0"/><line number="283" hits="0"/><line number="284" hits="0"/><line number="286" hits="0"/><line number="291" hits="0"/><line number="292" hits="0"/><line number="297" hits="0"/><line number="298" hits="0"/><line number="301" hits="0"/><line number="395" hits="0"/><line number="396" hits="0"/><line number="397" hits="0"/><line number="399" hits="0"/><line number="400" hits="0"/><line number="401" hits="0"/><line number="404" hits="0"/><line number="449" hits="0"/><line number="451" hits="0"/><line number="452" hits="0"/><line number="453" hits="0"/><line number="454" hits="0"/><line number="458" hits="0"/><line number="535" hits="0"/><line number="538" hits="0"/><line number="539" hits="0"/><line number="540" hits="0"/><line number="544" hits="0"/><line number="545" hits="0"/><line number="548" hits="0"/><line number="550" hits="0"/><line number="553" hits="0"/><line number="556" hits="0"/><line number="557" hits="0"/><line number="560" hits="0"/></lines></class><class name="intelligent_cache" filename="auth-service/src/infrastructure/storage/cache/intelligent_cache.rs" line-rate="0" branch-rate="0" complexity="0"><methods/><lines><line number="234" hits="0"/><line number="236" hits="0"/><line number="237" hits="0"/><line number="238" hits="0"/><line number="239" hits="0"/><line number="240" hits="0"/><line number="245" hits="0"/><line number="246" hits="0"/><line number="247" hits="0"/><line number="249" hits="0"/><line number="251" hits="0"/><line number="253" hits="0"/><line number="254" hits="0"/><line number="255" hits="0"/><line number="258" hits="0"/><line number="261" hits="0"/><line number="262" hits="0"/><line number="263" hits="0"/><line number="267" hits="0"/><line number="268" hits="0"/><line number="269" hits="0"/><line number="271" hits="0"/><line number="272" hits="0"/><line number="273" hits="0"/><line number="275" hits="0"/><line number="277" hits="0"/><line number="283" hits="0"/><line number="284" hits="0"/><line number="285" hits="0"/><line number="287" hits="0"/><line number="289" hits="0"/><line number="290" hits="0"/><line number="295" hits="0"/><line number="296" hits="0"/><line number="297" hits="0"/><line number="299" hits="0"/><line number="301" hits="0"/><line number="305" hits="0"/><line number="306" hits="0"/><line number="309" hits="0"/><line number="320" hits="0"/><line number="321" hits="0"/><line number="322" hits="0"/><line number="323" hits="0"/><line number="326" hits="0"/><line number="327" hits="0"/><line number="328" hits="0"/><line number="331" hits="0"/><line number="332" hits="0"/><line number="334" hits="0"/><line number="340" hits="0"/><line number="352" hits="0"/><line number="353" hits="0"/><line number="354" hits="0"/><line number="356" hits="0"/><line number="361" hits="0"/><line number="362" hits="0"/><line number="363" hits="0"/><line number="366" hits="0"/><line number="370" hits="0"/><line number="371" hits="0"/><line number="372" hits="0"/><line number="374" hits="0"/><line number="376" hits="0"/><line number="377" hits="0"/><line number="381" hits="0"/><line number="384" hits="0"/><line number="385" hits="0"/><line number="386" hits="0"/><line number="389" hits="0"/><line number="393" hits="0"/><line number="395" hits="0"/><line number="396" hits="0"/><line number="397" hits="0"/><line number="400" hits="0"/><line number="404" hits="0"/><line number="406" hits="0"/><line number="407" hits="0"/><line number="408" hits="0"/><line number="409" hits="0"/><line number="410" hits="0"/><line number="414" hits="0"/><line number="415" hits="0"/><line number="416" hits="0"/><line number="421" hits="0"/><line number="422" hits="0"/><line number="438" hits="0"/><line number="440" hits="0"/><line number="441" hits="0"/><line number="444" hits="0"/><line number="445" hits="0"/><line number="446" hits="0"/><line number="449" hits="0"/><line number="450" hits="0"/><line number="453" hits="0"/><line number="457" hits="0"/><line number="458" hits="0"/><line number="462" hits="0"/><line number="463" hits="0"/><line number="464" hits="0"/><line number="465" hits="0"/><line number="476" hits="0"/><line number="477" hits="0"/><line number="478" hits="0"/><line number="479" hits="0"/><line number="481" hits="0"/><line number="482" hits="0"/><line number="483" hits="0"/><line number="485" hits="0"/><line number="486" hits="0"/><line number="488" hits="0"/><line number="489" hits="0"/><line number="491" hits="0"/><line number="493" hits="0"/><line number="497" hits="0"/><line number="498" hits="0"/><line number="500" hits="0"/><line number="501" hits="0"/><line number="503" hits="0"/><line number="504" hits="0"/><line number="507" hits="0"/><line number="508" hits="0"/><line number="509" hits="0"/><line number="510" hits="0"/><line number="511" hits="0"/><line number="512" hits="0"/><line number="514" hits="0"/><line number="518" hits="0"/><line number="521" hits="0"/><line number="522" hits="0"/><line number="524" hits="0"/><line number="525" hits="0"/><line number="528" hits="0"/><line number="531" hits="0"/><line number="533" hits="0"/><line number="534" hits="0"/><line number="536" hits="0"/><line number="538" hits="0"/><line number="539" hits="0"/><line number="540" hits="0"/><line number="541" hits="0"/><line number="542" hits="0"/><line number="543" hits="0"/><line number="564" hits="0"/><line number="565" hits="0"/><line number="574" hits="0"/><line number="576" hits="0"/><line number="578" hits="0"/><line number="582" hits="0"/><line number="584" hits="0"/><line number="585" hits="0"/><line number="589" hits="0"/><line number="592" hits="0"/><line number="593" hits="0"/><line number="597" hits="0"/><line number="598" hits="0"/><line number="599" hits="0"/><line number="608" hits="0"/><line number="609" hits="0"/><line number="618" hits="0"/><line number="620" hits="0"/><line number="621" hits="0"/><line number="632" hits="0"/><line number="633" hits="0"/><line number="643" hits="0"/><line number="645" hits="0"/><line number="646" hits="0"/><line number="647" hits="0"/></lines></class><class name="token_cache" filename="auth-service/src/infrastructure/storage/cache/token_cache.rs" line-rate="0" branch-rate="0" complexity="0"><methods/><lines><line number="45" hits="0"/><line number="46" hits="0"/><line number="54" hits="0"/><line number="55" hits="0"/><line number="58" hits="0"/><line number="59" hits="0"/></lines></class></classes></package><package name="auth-service/src/compliance" line-rate="0" branch-rate="0" complexity="0"><classes></classes></package><package name="auth-service/src/domain" line-rate="0" branch-rate="0" complexity="0"><classes></classes></package><package name="mvp-tools/src" line-rate="0" branch-rate="0" complexity="0"><classes><class name="lib" filename="mvp-tools/src/lib.rs" line-rate="0" branch-rate="0" complexity="0"><methods/><lines><line number="1599" hits="0"/><line number="1600" hits="0"/><line number="1602" hits="0"/><line number="1603" hits="0"/><line number="1604" hits="0"/><line number="1605" hits="0"/><line number="1609" hits="0"/><line number="5687" hits="0"/><line number="5688" hits="0"/><line number="5690" hits="0"/><line number="5691" hits="0"/><line number="5692" hits="0"/><line number="5693" hits="0"/><line number="5697" hits="0"/></lines></class></classes></package><package name="enterprise/red-team-exercises/src/integrations" line-rate="0" branch-rate="0" complexity="0"><classes></classes></package><package name="auth-service/src/mfa" line-rate="0" branch-rate="0" complexity="0"><classes></classes></package><package name="mvp-tools/api-contracts/target/debug/build/utoipa-swagger-ui-db7d371a8c20bc0b/out" line-rate="0" branch-rate="0" complexity="0"><classes></classes></package><package name="auth-service/src/soar_executors" line-rate="0" branch-rate="0" complexity="0"><classes></classes></package><package name="mvp-tools/input-validation/fuzz/fuzz_targets" line-rate="0" branch-rate="0" complexity="0"><classes></classes></package><package name="auth-service/src/modules/performance" line-rate="0" branch-rate="0" complexity="0"><classes><class name="advanced_optimizations" filename="auth-service/src/modules/performance/advanced_optimizations.rs" line-rate="0" branch-rate="0" complexity="0"><methods/><lines><line number="225" hits="0"/><line number="227" hits="0"/><line number="230" hits="0"/><line number="235" hits="0"/><line number="236" hits="0"/><line number="238" hits="0"/><line number="239" hits="0"/><line number="240" hits="0"/><line number="241" hits="0"/><line number="245" hits="0"/><line number="246" hits="0"/><line number="248" hits="0"/><line number="250" hits="0"/><line number="255" hits="0"/><line number="258" hits="0"/><line number="263" hits="0"/><line number="264" hits="0"/><line number="267" hits="0"/><line number="271" hits="0"/><line number="272" hits="0"/><line number="275" hits="0"/><line number="276" hits="0"/><line number="277" hits="0"/><line number="278" hits="0"/><line number="282" hits="0"/><line number="283" hits="0"/><line number="284" hits="0"/><line number="289" hits="0"/><line number="290" hits="0"/><line number="291" hits="0"/><line number="292" hits="0"/><line number="296" hits="0"/><line number="297" hits="0"/><line number="300" hits="0"/><line number="301" hits="0"/><line number="303" hits="0"/><line number="335" hits="0"/><line number="336" hits="0"/><line number="338" hits="0"/><line number="346" hits="0"/><line number="347" hits="0"/><line number="348" hits="0"/><line number="350" hits="0"/><line number="352" hits="0"/><line number="353" hits="0"/><line number="354" hits="0"/><line number="360" hits="0"/><line number="363" hits="0"/><line number="367" hits="0"/><line number="370" hits="0"/><line number="375" hits="0"/><line number="381" hits="0"/><line number="382" hits="0"/><line number="388" hits="0"/><line number="389" hits="0"/><line number="398" hits="0"/><line number="399" hits="0"/><line number="536" hits="0"/><line number="537" hits="0"/><line number="538" hits="0"/><line number="541" hits="0"/><line number="542" hits="0"/><line number="543" hits="0"/><line number="544" hits="0"/><line number="545" hits="0"/><line number="546" hits="0"/><line number="547" hits="0"/><line number="548" hits="0"/><line number="549" hits="0"/><line number="550" hits="0"/><line number="551" hits="0"/><line number="557" hits="0"/></lines></class><class name="caching" filename="auth-service/src/modules/performance/caching.rs" line-rate="0" branch-rate="0" complexity="0"><methods/><lines><line number="109" hits="0"/><line number="110" hits="0"/><line number="122" hits="0"/><line number="123" hits="0"/><line number="124" hits="0"/><line number="126" hits="0"/><line number="130" hits="0"/><line number="131" hits="0"/><line number="132" hits="0"/><line number="135" hits="0"/><line number="136" hits="0"/><line number="424" hits="0"/><line number="425" hits="0"/><line number="428" hits="0"/><line number="429" hits="0"/><line number="433" hits="0"/><line number="434" hits="0"/><line number="435" hits="0"/><line number="436" hits="0"/><line number="437" hits="0"/><line number="438" hits="0"/><line number="440" hits="0"/><line number="441" hits="0"/><line number="444" hits="0"/><line number="448" hits="0"/><line number="449" hits="0"/><line number="450" hits="0"/><line number="453" hits="0"/><line number="454" hits="0"/><line number="455" hits="0"/><line number="456" hits="0"/><line number="462" hits="0"/><line number="463" hits="0"/><line number="464" hits="0"/><line number="465" hits="0"/><line number="466" hits="0"/><line number="467" hits="0"/><line number="470" hits="0"/><line number="471" hits="0"/><line number="472" hits="0"/><line number="474" hits="0"/><line number="476" hits="0"/><line number="477" hits="0"/><line number="480" hits="0"/><line number="484" hits="0"/><line number="486" hits="0"/><line number="487" hits="0"/><line number="490" hits="0"/><line number="491" hits="0"/><line number="492" hits="0"/><line number="493" hits="0"/><line number="497" hits="0"/><line number="498" hits="0"/><line number="507" hits="0"/><line number="510" hits="0"/><line number="511" hits="0"/><line number="512" hits="0"/><line number="513" hits="0"/><line number="517" hits="0"/><line number="518" hits="0"/><line number="521" hits="0"/><line number="522" hits="0"/><line number="523" hits="0"/><line number="524" hits="0"/><line number="525" hits="0"/><line number="529" hits="0"/><line number="530" hits="0"/><line number="533" hits="0"/><line number="534" hits="0"/><line number="536" hits="0"/><line number="543" hits="0"/><line number="545" hits="0"/><line number="548" hits="0"/><line number="549" hits="0"/><line number="550" hits="0"/><line number="551" hits="0"/><line number="552" hits="0"/><line number="553" hits="0"/><line number="557" hits="0"/><line number="558" hits="0"/><line number="559" hits="0"/><line number="560" hits="0"/><line number="561" hits="0"/><line number="562" hits="0"/><line number="564" hits="0"/><line number="567" hits="0"/><line number="574" hits="0"/><line number="578" hits="0"/><line number="579" hits="0"/><line number="580" hits="0"/><line number="581" hits="0"/><line number="582" hits="0"/><line number="589" hits="0"/><line number="590" hits="0"/><line number="591" hits="0"/><line number="593" hits="0"/><line number="692" hits="0"/><line number="693" hits="0"/><line number="696" hits="0"/><line number="697" hits="0"/><line number="702" hits="0"/><line number="703" hits="0"/><line number="706" hits="0"/><line number="707" hits="0"/></lines></class><class name="mod" filename="auth-service/src/modules/performance/mod.rs" line-rate="0" branch-rate="0" complexity="0"><methods/><lines><line number="122" hits="0"/><line number="123" hits="0"/><line number="124" hits="0"/><line number="125" hits="0"/><line number="134" hits="0"/><line number="135" hits="0"/><line number="136" hits="0"/><line number="137" hits="0"/><line number="238" hits="0"/><line number="240" hits="0"/><line number="245" hits="0"/><line number="246" hits="0"/><line number="247" hits="0"/><line number="249" hits="0"/><line number="256" hits="0"/><line number="257" hits="0"/><line number="260" hits="0"/><line number="261" hits="0"/><line number="264" hits="0"/><line number="265" hits="0"/><line number="268" hits="0"/><line number="269" hits="0"/><line number="272" hits="0"/><line number="273" hits="0"/></lines></class></classes></package><package name="src/threat_intel" line-rate="0" branch-rate="0" complexity="0"><classes></classes></package><package name="enterprise/red-team-exercises/src/scenarios/mfa_bypass/totp" line-rate="0" branch-rate="0" complexity="0"><classes></classes></package><package name="enterprise/compliance-tools/target/debug/build/protobuf-0b62b0ed6ef5aad8/out" line-rate="0" branch-rate="0" complexity="0"><classes></classes></package><package name="enterprise/chaos-engineering/framework" line-rate="0" branch-rate="0" complexity="0"><classes></classes></package><package name="mvp-tools/auth-core/benches" line-rate="0" branch-rate="0" complexity="0"><classes></classes></package><package name="enterprise/soar-integration/src" line-rate="0" branch-rate="0" complexity="0"><classes></classes></package><package name="enterprise/red-team-exercises/src/scenarios/social_engineering/email" line-rate="0" branch-rate="0" complexity="0"><classes></classes></package><package name="mvp-tools/auth-core/target/debug/build/typenum-720da05968b251aa/out" line-rate="0" branch-rate="0" complexity="0"><classes></classes></package><package name="mvp-tools/input-validation/src/bin" line-rate="0" branch-rate="0" complexity="0"><classes></classes></package><package name="auth-service/src/oauth_policies" line-rate="0" branch-rate="0" complexity="0"><classes></classes></package><package name="auth-service/src/threat_user_profiler/features" line-rate="0" branch-rate="0" complexity="0"><classes></classes></package><package name="enterprise/red-team-exercises/src/scenarios/social_engineering" line-rate="0" branch-rate="0" complexity="0"><classes></classes></package><package name="mvp-tools/api-contracts/target/debug/build/typenum-720da05968b251aa/out" line-rate="0" branch-rate="0" complexity="0"><classes></classes></package><package name="enterprise/red-team-exercises/target/debug/build/typenum-783df7890910bda8/out" line-rate="0" branch-rate="0" complexity="0"><classes></classes></package><package name="common/tests" line-rate="0" branch-rate="0" complexity="0"><classes></classes></package><package name="enterprise/red-team-exercises/src/scenarios/social_engineering/voice" line-rate="0" branch-rate="0" complexity="0"><classes></classes></package><package name="enterprise/red-team-exercises/src" line-rate="0" branch-rate="0" complexity="0"><classes></classes></package><package name="enterprise/security-features/src" line-rate="0" branch-rate="0" complexity="0"><classes></classes></package><package name="auth-service/src/infrastructure/crypto" line-rate="0" branch-rate="0" complexity="0"><classes></classes></package><package name="auth-service/src/modules/soar/case_management" line-rate="0" branch-rate="0" complexity="0"><classes><class name="errors" filename="auth-service/src/modules/soar/case_management/errors.rs" line-rate="0" branch-rate="0" complexity="0"><methods/><lines><line number="97" hits="0"/><line number="99" hits="0"/><line number="104" hits="0"/><line number="106" hits="0"/><line number="107" hits="0"/><line number="112" hits="0"/><line number="114" hits="0"/><line number="115" hits="0"/><line number="120" hits="0"/><line number="122" hits="0"/><line number="128" hits="0"/><line number="130" hits="0"/><line number="309" hits="0"/><line number="311" hits="0"/><line number="317" hits="0"/><line number="318" hits="0"/><line number="319" hits="0"/><line number="323" hits="0"/><line number="324" hits="0"/><line number="325" hits="0"/><line number="334" hits="0"/><line number="335" hits="0"/><line number="356" hits="0"/><line number="357" hits="0"/></lines></class><class name="workflows" filename="auth-service/src/modules/soar/case_management/workflows.rs" line-rate="0" branch-rate="0" complexity="0"><methods/><lines><line number="91" hits="0"/><line number="92" hits="0"/><line number="93" hits="0"/></lines></class></classes></package><package name="auth-service/tests/security" line-rate="0" branch-rate="0" complexity="0"><classes></classes></package><package name="enterprise/red-team-exercises/src/scenarios/mfa_bypass/push_notification" line-rate="0" branch-rate="0" complexity="0"><classes></classes></package><package name="benchmarks" line-rate="0" branch-rate="0" complexity="0"><classes></classes></package><package name="common/src/crypto" line-rate="0.1320754716981132" branch-rate="0" complexity="0"><classes><class name="encryption" filename="common/src/crypto/encryption.rs" line-rate="0.4069767441860465" branch-rate="0" complexity="0"><methods/><lines><line number="50" hits="3"/><line number="53" hits="3"/><line number="61" hits="0"/><line number="62" hits="0"/><line number="63" hits="0"/><line number="65" hits="0"/><line number="66" hits="0"/><line number="69" hits="0"/><line number="70" hits="0"/><line number="72" hits="0"/><line number="73" hits="0"/><line number="77" hits="0"/><line number="78" hits="0"/><line number="80" hits="0"/><line number="81" hits="0"/><line number="82" hits="0"/><line number="86" hits="0"/><line number="87" hits="0"/><line number="88" hits="0"/><line number="89" hits="0"/><line number="90" hits="0"/><line number="96" hits="3"/><line number="98" hits="3"/><line number="99" hits="0"/><line number="100" hits="0"/><line number="106" hits="0"/><line number="107" hits="0"/><line number="135" hits="0"/><line number="136" hits="0"/><line number="137" hits="0"/><line number="138" hits="0"/><line number="139" hits="0"/><line number="152" hits="3"/><line number="153" hits="6"/><line number="155" hits="3"/><line number="156" hits="3"/><line number="157" hits="3"/><line number="162" hits="0"/><line number="164" hits="0"/><line number="170" hits="0"/><line number="175" hits="0"/><line number="179" hits="2"/><line number="184" hits="2"/><line number="185" hits="2"/><line number="186" hits="0"/><line number="196" hits="2"/><line number="201" hits="2"/><line number="202" hits="2"/><line number="203" hits="0"/><line number="213" hits="1"/><line number="218" hits="3"/><line number="219" hits="5"/><line number="220" hits="1"/><line number="221" hits="0"/><line number="227" hits="1"/><line number="232" hits="2"/><line number="233" hits="2"/><line number="234" hits="1"/><line number="235" hits="0"/><line number="238" hits="1"/><line number="239" hits="0"/><line number="242" hits="0"/><line number="243" hits="1"/><line number="245" hits="0"/><line number="246" hits="0"/><line number="251" hits="0"/><line number="252" hits="0"/><line number="253" hits="0"/><line number="254" hits="0"/><line number="256" hits="0"/><line number="260" hits="2"/><line number="263" hits="4"/><line number="264" hits="8"/><line number="265" hits="0"/><line number="269" hits="2"/><line number="271" hits="26"/><line number="284" hits="2"/><line number="287" hits="6"/><line number="288" hits="6"/><line number="291" hits="30"/><line number="295" hits="2"/><line number="303" hits="0"/><line number="304" hits="0"/><line number="305" hits="0"/><line number="306" hits="0"/><line number="309" hits="0"/></lines></class><class name="hashing" filename="common/src/crypto/hashing.rs" line-rate="0" branch-rate="0" complexity="0"><methods/><lines><line number="29" hits="0"/><line number="31" hits="0"/><line number="36" hits="0"/><line number="37" hits="0"/><line number="41" hits="0"/><line number="42" hits="0"/><line number="46" hits="0"/><line number="47" hits="0"/><line number="48" hits="0"/><line number="52" hits="0"/><line number="58" hits="0"/><line number="59" hits="0"/><line number="63" hits="0"/><line number="64" hits="0"/><line number="69" hits="0"/><line number="70" hits="0"/></lines></class><class name="jwt" filename="common/src/crypto/jwt.rs" line-rate="0" branch-rate="0" complexity="0"><methods/><lines><line number="93" hits="0"/><line number="95" hits="0"/><line number="99" hits="0"/><line number="110" hits="0"/><line number="111" hits="0"/><line number="112" hits="0"/><line number="115" hits="0"/><line number="116" hits="0"/><line number="118" hits="0"/><line number="120" hits="0"/><line number="121" hits="0"/><line number="123" hits="0"/><line number="124" hits="0"/><line number="127" hits="0"/><line number="128" hits="0"/><line number="130" hits="0"/><line number="131" hits="0"/><line number="134" hits="0"/><line number="135" hits="0"/><line number="137" hits="0"/><line number="139" hits="0"/><line number="141" hits="0"/><line number="142" hits="0"/><line number="146" hits="0"/><line number="147" hits="0"/><line number="149" hits="0"/><line number="150" hits="0"/><line number="153" hits="0"/><line number="154" hits="0"/><line number="156" hits="0"/><line number="158" hits="0"/><line number="159" hits="0"/><line number="163" hits="0"/><line number="164" hits="0"/><line number="165" hits="0"/><line number="166" hits="0"/><line number="167" hits="0"/><line number="168" hits="0"/><line number="169" hits="0"/><line number="170" hits="0"/><line number="171" hits="0"/><line number="172" hits="0"/><line number="173" hits="0"/><line number="179" hits="0"/><line number="181" hits="0"/><line number="182" hits="0"/><line number="183" hits="0"/><line number="188" hits="0"/><line number="189" hits="0"/><line number="190" hits="0"/><line number="192" hits="0"/><line number="193" hits="0"/><line number="198" hits="0"/><line number="199" hits="0"/><line number="200" hits="0"/><line number="205" hits="0"/><line number="206" hits="0"/><line number="207" hits="0"/><line number="212" hits="0"/><line number="213" hits="0"/><line number="214" hits="0"/><line number="218" hits="0"/><line number="264" hits="0"/><line number="265" hits="0"/><line number="266" hits="0"/><line number="267" hits="0"/><line number="268" hits="0"/><line number="269" hits="0"/><line number="283" hits="0"/><line number="284" hits="0"/><line number="287" hits="0"/><line number="288" hits="0"/><line number="289" hits="0"/><line number="293" hits="0"/><line number="295" hits="0"/><line number="299" hits="0"/><line number="303" hits="0"/><line number="304" hits="0"/><line number="315" hits="0"/><line number="316" hits="0"/><line number="317" hits="0"/><line number="318" hits="0"/><line number="319" hits="0"/><line number="325" hits="0"/><line number="329" hits="0"/><line number="334" hits="0"/><line number="335" hits="0"/><line number="338" hits="0"/><line number="339" hits="0"/><line number="340" hits="0"/><line number="341" hits="0"/><line number="342" hits="0"/><line number="343" hits="0"/><line number="344" hits="0"/><line number="345" hits="0"/><line number="348" hits="0"/><line number="352" hits="0"/><line number="353" hits="0"/><line number="354" hits="0"/><line number="356" hits="0"/><line number="357" hits="0"/><line number="358" hits="0"/><line number="359" hits="0"/><line number="363" hits="0"/><line number="364" hits="0"/><line number="365" hits="0"/><line number="366" hits="0"/><line number="367" hits="0"/><line number="368" hits="0"/><line number="369" hits="0"/><line number="373" hits="0"/><line number="377" hits="0"/><line number="379" hits="0"/><line number="380" hits="0"/><line number="382" hits="0"/><line number="383" hits="0"/><line number="384" hits="0"/><line number="386" hits="0"/><line number="387" hits="0"/><line number="389" hits="0"/><line number="390" hits="0"/><line number="391" hits="0"/><line number="396" hits="0"/><line number="397" hits="0"/><line number="401" hits="0"/><line number="402" hits="0"/><line number="403" hits="0"/><line number="404" hits="0"/><line number="408" hits="0"/><line number="409" hits="0"/><line number="411" hits="0"/><line number="414" hits="0"/><line number="415" hits="0"/><line number="420" hits="0"/><line number="421" hits="0"/><line number="422" hits="0"/><line number="424" hits="0"/><line number="425" hits="0"/><line number="428" hits="0"/><line number="429" hits="0"/><line number="432" hits="0"/><line number="433" hits="0"/><line number="436" hits="0"/><line number="437" hits="0"/><line number="438" hits="0"/><line number="441" hits="0"/><line number="442" hits="0"/><line number="447" hits="0"/><line number="448" hits="0"/><line number="449" hits="0"/><line number="451" hits="0"/><line number="453" hits="0"/><line number="454" hits="0"/><line number="456" hits="0"/><line number="457" hits="0"/><line number="459" hits="0"/><line number="460" hits="0"/><line number="463" hits="0"/><line number="464" hits="0"/><line number="465" hits="0"/><line number="467" hits="0"/><line number="468" hits="0"/><line number="471" hits="0"/><line number="472" hits="0"/><line number="474" hits="0"/><line number="477" hits="0"/><line number="478" hits="0"/><line number="481" hits="0"/><line number="482" hits="0"/><line number="486" hits="0"/><line number="487" hits="0"/><line number="491" hits="0"/><line number="492" hits="0"/><line number="493" hits="0"/><line number="494" hits="0"/><line number="496" hits="0"/><line number="500" hits="0"/><line number="501" hits="0"/><line number="502" hits="0"/><line number="503" hits="0"/><line number="504" hits="0"/><line number="505" hits="0"/><line number="507" hits="0"/><line number="508" hits="0"/><line number="509" hits="0"/><line number="511" hits="0"/><line number="515" hits="0"/><line number="516" hits="0"/><line number="517" hits="0"/><line number="519" hits="0"/><line number="524" hits="0"/><line number="527" hits="0"/><line number="528" hits="0"/><line number="529" hits="0"/><line number="530" hits="0"/><line number="532" hits="0"/><line number="534" hits="0"/><line number="535" hits="0"/><line number="536" hits="0"/><line number="537" hits="0"/><line number="541" hits="0"/><line number="542" hits="0"/><line number="544" hits="0"/><line number="547" hits="0"/><line number="548" hits="0"/><line number="549" hits="0"/><line number="554" hits="0"/><line number="555" hits="0"/><line number="556" hits="0"/><line number="557" hits="0"/><line number="558" hits="0"/><line number="559" hits="0"/><line number="560" hits="0"/><line number="564" hits="0"/><line number="565" hits="0"/><line number="568" hits="0"/><line number="569" hits="0"/><line number="575" hits="0"/><line number="576" hits="0"/><line number="577" hits="0"/><line number="578" hits="0"/><line number="579" hits="0"/><line number="590" hits="0"/><line number="591" hits="0"/><line number="592" hits="0"/><line number="593" hits="0"/><line number="594" hits="0"/><line number="595" hits="0"/><line number="596" hits="0"/><line number="597" hits="0"/><line number="598" hits="0"/><line number="599" hits="0"/><line number="600" hits="0"/><line number="601" hits="0"/><line number="602" hits="0"/></lines></class><class name="keys" filename="common/src/crypto/keys.rs" line-rate="0" branch-rate="0" complexity="0"><methods/><lines><line number="48" hits="0"/><line number="59" hits="0"/><line number="60" hits="0"/><line number="65" hits="0"/><line number="66" hits="0"/><line number="67" hits="0"/><line number="68" hits="0"/><line number="71" hits="0"/><line number="95" hits="0"/><line number="96" hits="0"/><line number="100" hits="0"/><line number="101" hits="0"/><line number="102" hits="0"/><line number="106" hits="0"/><line number="108" hits="0"/><line number="112" hits="0"/><line number="113" hits="0"/><line number="114" hits="0"/><line number="116" hits="0"/><line number="117" hits="0"/><line number="120" hits="0"/><line number="121" hits="0"/><line number="124" hits="0"/><line number="125" hits="0"/><line number="127" hits="0"/><line number="131" hits="0"/><line number="132" hits="0"/><line number="133" hits="0"/><line number="135" hits="0"/><line number="136" hits="0"/><line number="137" hits="0"/><line number="139" hits="0"/><line number="140" hits="0"/><line number="145" hits="0"/><line number="146" hits="0"/><line number="147" hits="0"/><line number="149" hits="0"/><line number="152" hits="0"/><line number="153" hits="0"/><line number="154" hits="0"/><line number="156" hits="0"/><line number="157" hits="0"/><line number="159" hits="0"/><line number="160" hits="0"/><line number="162" hits="0"/><line number="163" hits="0"/><line number="164" hits="0"/><line number="165" hits="0"/><line number="166" hits="0"/><line number="167" hits="0"/></lines></class><class name="mod" filename="common/src/crypto/mod.rs" line-rate="0" branch-rate="0" complexity="0"><methods/><lines><line number="123" hits="0"/><line number="125" hits="0"/><line number="126" hits="0"/><line number="127" hits="0"/><line number="128" hits="0"/><line number="129" hits="0"/><line number="134" hits="0"/><line number="135" hits="0"/><line number="136" hits="0"/><line number="137" hits="0"/><line number="138" hits="0"/><line number="139" hits="0"/><line number="140" hits="0"/><line number="157" hits="0"/><line number="158" hits="0"/><line number="161" hits="0"/><line number="162" hits="0"/><line number="163" hits="0"/><line number="164" hits="0"/><line number="165" hits="0"/><line number="166" hits="0"/><line number="167" hits="0"/><line number="172" hits="0"/><line number="173" hits="0"/><line number="177" hits="0"/><line number="178" hits="0"/><line number="182" hits="0"/><line number="183" hits="0"/><line number="187" hits="0"/><line number="188" hits="0"/><line number="192" hits="0"/><line number="193" hits="0"/><line number="197" hits="0"/><line number="198" hits="0"/><line number="202" hits="0"/><line number="203" hits="0"/></lines></class><class name="passwords" filename="common/src/crypto/passwords.rs" line-rate="0.296969696969697" branch-rate="0" complexity="0"><methods/><lines><line number="69" hits="4"/><line number="77" hits="8"/><line number="122" hits="4"/><line number="152" hits="0"/><line number="153" hits="0"/><line number="154" hits="0"/><line number="156" hits="0"/><line number="157" hits="0"/><line number="160" hits="0"/><line number="161" hits="0"/><line number="165" hits="0"/><line number="166" hits="0"/><line number="170" hits="0"/><line number="171" hits="0"/><line number="175" hits="0"/><line number="176" hits="0"/><line number="180" hits="0"/><line number="181" hits="0"/><line number="183" hits="0"/><line number="184" hits="0"/><line number="187" hits="0"/><line number="188" hits="0"/><line number="190" hits="0"/><line number="191" hits="0"/><line number="194" hits="0"/><line number="195" hits="0"/><line number="197" hits="0"/><line number="198" hits="0"/><line number="201" hits="0"/><line number="202" hits="0"/><line number="206" hits="0"/><line number="207" hits="0"/><line number="209" hits="0"/><line number="210" hits="0"/><line number="213" hits="0"/><line number="214" hits="0"/><line number="215" hits="0"/><line number="216" hits="0"/><line number="217" hits="0"/><line number="218" hits="0"/><line number="219" hits="0"/><line number="220" hits="0"/><line number="221" hits="0"/><line number="223" hits="0"/><line number="224" hits="0"/><line number="225" hits="0"/><line number="226" hits="0"/><line number="227" hits="0"/><line number="228" hits="0"/><line number="229" hits="0"/><line number="231" hits="0"/><line number="232" hits="0"/><line number="238" hits="4"/><line number="240" hits="4"/><line number="241" hits="0"/><line number="242" hits="0"/><line number="247" hits="0"/><line number="248" hits="0"/><line number="253" hits="0"/><line number="254" hits="0"/><line number="261" hits="0"/><line number="262" hits="0"/><line number="268" hits="0"/><line number="269" hits="0"/><line number="274" hits="0"/><line number="275" hits="0"/><line number="279" hits="4"/><line number="280" hits="0"/><line number="281" hits="0"/><line number="305" hits="0"/><line number="306" hits="0"/><line number="307" hits="0"/><line number="316" hits="0"/><line number="320" hits="0"/><line number="323" hits="0"/><line number="327" hits="0"/><line number="339" hits="4"/><line number="340" hits="8"/><line number="349" hits="0"/><line number="352" hits="0"/><line number="353" hits="0"/><line number="354" hits="4"/><line number="363" hits="0"/><line number="365" hits="0"/><line number="379" hits="0"/><line number="391" hits="0"/><line number="395" hits="1"/><line number="397" hits="3"/><line number="400" hits="2"/><line number="403" hits="1"/><line number="406" hits="0"/><line number="421" hits="2"/><line number="422" hits="2"/><line number="423" hits="6"/><line number="429" hits="1"/><line number="430" hits="1"/><line number="435" hits="0"/><line number="436" hits="0"/><line number="437" hits="0"/><line number="439" hits="0"/><line number="440" hits="0"/><line number="441" hits="0"/><line number="443" hits="0"/><line number="444" hits="0"/><line number="449" hits="0"/><line number="452" hits="0"/><line number="456" hits="0"/><line number="457" hits="0"/><line number="458" hits="0"/><line number="461" hits="0"/><line number="462" hits="0"/><line number="464" hits="0"/><line number="468" hits="7"/><line number="469" hits="14"/><line number="472" hits="7"/><line number="473" hits="3"/><line number="474" hits="3"/><line number="475" hits="3"/><line number="477" hits="3"/><line number="481" hits="0"/><line number="482" hits="0"/><line number="483" hits="0"/><line number="485" hits="0"/><line number="489" hits="28"/><line number="490" hits="0"/><line number="491" hits="0"/><line number="493" hits="0"/><line number="496" hits="20"/><line number="497" hits="0"/><line number="498" hits="0"/><line number="500" hits="0"/><line number="503" hits="72"/><line number="504" hits="0"/><line number="505" hits="0"/><line number="507" hits="0"/><line number="511" hits="4"/><line number="512" hits="4"/><line number="513" hits="70"/><line number="515" hits="0"/><line number="516" hits="0"/><line number="518" hits="0"/><line number="523" hits="44"/><line number="524" hits="40"/><line number="525" hits="0"/><line number="526" hits="0"/><line number="528" hits="0"/><line number="532" hits="4"/><line number="536" hits="1"/><line number="537" hits="1"/><line number="538" hits="0"/><line number="539" hits="0"/><line number="556" hits="1"/><line number="557" hits="6"/><line number="559" hits="1"/><line number="560" hits="6"/><line number="562" hits="1"/><line number="563" hits="6"/><line number="565" hits="1"/><line number="566" hits="6"/><line number="573" hits="38"/><line number="574" hits="12"/><line number="583" hits="0"/><line number="585" hits="1"/><line number="590" hits="1"/><line number="594" hits="1"/></lines></class><class name="random" filename="common/src/crypto/random.rs" line-rate="0" branch-rate="0" complexity="0"><methods/><lines><line number="27" hits="0"/><line number="29" hits="0"/><line number="34" hits="0"/><line number="35" hits="0"/><line number="36" hits="0"/><line number="37" hits="0"/><line number="41" hits="0"/><line number="42" hits="0"/><line number="43" hits="0"/><line number="47" hits="0"/><line number="48" hits="0"/><line number="49" hits="0"/><line number="53" hits="0"/><line number="54" hits="0"/><line number="59" hits="0"/><line number="60" hits="0"/></lines></class><class name="tokens" filename="common/src/crypto/tokens.rs" line-rate="0" branch-rate="0" complexity="0"><methods/><lines><line number="33" hits="0"/><line number="36" hits="0"/><line number="42" hits="0"/><line number="43" hits="0"/><line number="44" hits="0"/><line number="48" hits="0"/><line number="49" hits="0"/><line number="51" hits="0"/><line number="52" hits="0"/><line number="53" hits="0"/><line number="59" hits="0"/><line number="60" hits="0"/><line number="61" hits="0"/><line number="62" hits="0"/><line number="65" hits="0"/><line number="77" hits="0"/><line number="78" hits="0"/><line number="80" hits="0"/><line number="81" hits="0"/><line number="82" hits="0"/><line number="87" hits="0"/><line number="88" hits="0"/><line number="89" hits="0"/><line number="91" hits="0"/><line number="92" hits="0"/><line number="94" hits="0"/><line number="98" hits="0"/><line number="99" hits="0"/><line number="100" hits="0"/><line number="101" hits="0"/><line number="105" hits="0"/><line number="106" hits="0"/></lines></class></classes></package><package name="auth-service/src/services" line-rate="0" branch-rate="0" complexity="0"><classes></classes></package><package name="mvp-tools/input-validation/benches" line-rate="0" branch-rate="0" complexity="0"><classes></classes></package><package name="enterprise/policy-service/src" line-rate="0" branch-rate="0" complexity="0"><classes></classes></package><package name="enterprise/compliance-tools/target/debug/build/crunchy-e6ba767fc53d4886/out" line-rate="0" branch-rate="0" complexity="0"><classes></classes></package><package name="auth-service/src/infrastructure/security" line-rate="0" branch-rate="0" complexity="0"><classes></classes></package><package name="mvp-tools/auth-core/examples" line-rate="0" branch-rate="0" complexity="0"><classes></classes></package><package name="auth-service/src/infrastructure/http" line-rate="0" branch-rate="0" complexity="0"><classes><class name="resilient_http" filename="auth-service/src/infrastructure/http/resilient_http.rs" line-rate="0" branch-rate="0" complexity="0"><methods/><lines><line number="66" hits="0"/><line number="67" hits="0"/><line number="68" hits="0"/><line number="69" hits="0"/><line number="70" hits="0"/><line number="74" hits="0"/><line number="75" hits="0"/><line number="78" hits="0"/><line number="80" hits="0"/><line number="81" hits="0"/><line number="82" hits="0"/><line number="83" hits="0"/><line number="137" hits="0"/><line number="138" hits="0"/><line number="156" hits="0"/><line number="157" hits="0"/><line number="160" hits="0"/><line number="161" hits="0"/><line number="162" hits="0"/><line number="165" hits="0"/><line number="166" hits="0"/><line number="167" hits="0"/><line number="170" hits="0"/><line number="171" hits="0"/><line number="172" hits="0"/><line number="300" hits="0"/><line number="301" hits="0"/><line number="302" hits="0"/></lines></class></classes></package><package name="auth-service/src/infrastructure/storage" line-rate="0" branch-rate="0" complexity="0"><classes></classes></package><package name="mvp-tools/auth-core/target/debug/build/typenum-d94ad4107ee11065/out" line-rate="0" branch-rate="0" complexity="0"><classes></classes></package><package name="mvp-tools/security-testing/e2e-tests" line-rate="0" branch-rate="0" complexity="0"><classes></classes></package><package name="auth-service/src/security" line-rate="0" branch-rate="0" complexity="0"><classes><class name="jwt" filename="auth-service/src/security/jwt.rs" line-rate="0" branch-rate="0" complexity="0"><methods/><lines><line number="460" hits="0"/><line number="462" hits="0"/><line number="463" hits="0"/><line number="465" hits="0"/><line number="467" hits="0"/><line number="469" hits="0"/><line number="470" hits="0"/><line number="471" hits="0"/><line number="472" hits="0"/><line number="473" hits="0"/><line number="475" hits="0"/><line number="479" hits="0"/><line number="480" hits="0"/><line number="482" hits="0"/><line number="483" hits="0"/><line number="487" hits="0"/><line number="488" hits="0"/><line number="491" hits="0"/><line number="492" hits="0"/><line number="500" hits="0"/><line number="503" hits="0"/><line number="504" hits="0"/><line number="506" hits="0"/><line number="507" hits="0"/><line number="508" hits="0"/><line number="511" hits="0"/><line number="514" hits="0"/><line number="515" hits="0"/><line number="516" hits="0"/><line number="517" hits="0"/><line number="518" hits="0"/><line number="523" hits="0"/><line number="524" hits="0"/><line number="525" hits="0"/><line number="526" hits="0"/><line number="529" hits="0"/><line number="530" hits="0"/><line number="531" hits="0"/><line number="532" hits="0"/><line number="537" hits="0"/><line number="538" hits="0"/><line number="539" hits="0"/><line number="540" hits="0"/><line number="541" hits="0"/><line number="542" hits="0"/><line number="543" hits="0"/><line number="546" hits="0"/><line number="548" hits="0"/><line number="549" hits="0"/><line number="550" hits="0"/><line number="551" hits="0"/><line number="648" hits="0"/><line number="649" hits="0"/><line number="651" hits="0"/><line number="658" hits="0"/><line number="659" hits="0"/><line number="661" hits="0"/></lines></class></classes></package><package name="auth-service/src/infrastructure/database" line-rate="0" branch-rate="0" complexity="0"><classes><class name="connection_pool" filename="auth-service/src/infrastructure/database/connection_pool.rs" line-rate="0" branch-rate="0" complexity="0"><methods/><lines><line number="238" hits="0"/><line number="241" hits="0"/><line number="243" hits="0"/><line number="244" hits="0"/><line number="246" hits="0"/></lines></class></classes></package><package name="auth-service/tests/coverage" line-rate="0" branch-rate="0" complexity="0"><classes></classes></package><package name="auth-service/src/mocks" line-rate="0" branch-rate="0" complexity="0"><classes></classes></package><package name="enterprise/compliance-tools/target/debug/build/chrono-tz-d78724080ef3067c/out" line-rate="0" branch-rate="0" complexity="0"><classes></classes></package><package name="mvp-tools/auth-core/src" line-rate="0" branch-rate="0" complexity="0"><classes></classes></package><package name="auth-service/src/infrastructure/cache" line-rate="0" branch-rate="0" complexity="0"><classes><class name="advanced_cache" filename="auth-service/src/infrastructure/cache/advanced_cache.rs" line-rate="0" branch-rate="0" complexity="0"><methods/><lines><line number="40" hits="0"/><line number="41" hits="0"/><line number="48" hits="0"/><line number="52" hits="0"/><line number="53" hits="0"/><line number="54" hits="0"/><line number="55" hits="0"/><line number="57" hits="0"/><line number="61" hits="0"/><line number="62" hits="0"/><line number="63" hits="0"/><line number="66" hits="0"/><line number="67" hits="0"/><line number="68" hits="0"/><line number="140" hits="0"/><line number="141" hits="0"/><line number="142" hits="0"/><line number="147" hits="0"/><line number="152" hits="0"/><line number="153" hits="0"/><line number="158" hits="0"/><line number="159" hits="0"/><line number="160" hits="0"/><line number="163" hits="0"/><line number="164" hits="0"/><line number="165" hits="0"/><line number="166" hits="0"/><line number="167" hits="0"/><line number="168" hits="0"/><line number="171" hits="0"/><line number="172" hits="0"/><line number="176" hits="0"/><line number="179" hits="0"/><line number="180" hits="0"/><line number="181" hits="0"/><line number="182" hits="0"/><line number="185" hits="0"/><line number="186" hits="0"/><line number="188" hits="0"/><line number="192" hits="0"/><line number="195" hits="0"/><line number="196" hits="0"/><line number="197" hits="0"/><line number="198" hits="0"/><line number="201" hits="0"/><line number="202" hits="0"/><line number="204" hits="0"/><line number="205" hits="0"/><line number="208" hits="0"/><line number="212" hits="0"/><line number="213" hits="0"/><line number="214" hits="0"/><line number="218" hits="0"/><line number="219" hits="0"/><line number="222" hits="0"/><line number="225" hits="0"/><line number="226" hits="0"/><line number="230" hits="0"/><line number="231" hits="0"/><line number="234" hits="0"/><line number="235" hits="0"/><line number="246" hits="0"/><line number="247" hits="0"/><line number="248" hits="0"/><line number="249" hits="0"/><line number="252" hits="0"/><line number="253" hits="0"/><line number="256" hits="0"/><line number="259" hits="0"/><line number="263" hits="0"/><line number="264" hits="0"/><line number="265" hits="0"/><line number="268" hits="0"/><line number="271" hits="0"/><line number="272" hits="0"/><line number="276" hits="0"/><line number="277" hits="0"/><line number="281" hits="0"/><line number="282" hits="0"/><line number="283" hits="0"/><line number="284" hits="0"/><line number="285" hits="0"/><line number="290" hits="0"/><line number="291" hits="0"/><line number="295" hits="0"/><line number="297" hits="0"/><line number="300" hits="0"/><line number="301" hits="0"/><line number="305" hits="0"/><line number="306" hits="0"/><line number="310" hits="0"/><line number="312" hits="0"/><line number="313" hits="0"/><line number="317" hits="0"/><line number="318" hits="0"/><line number="322" hits="0"/><line number="323" hits="0"/><line number="324" hits="0"/><line number="325" hits="0"/><line number="328" hits="0"/><line number="329" hits="0"/><line number="337" hits="0"/><line number="338" hits="0"/><line number="341" hits="0"/><line number="342" hits="0"/><line number="344" hits="0"/><line number="345" hits="0"/><line number="348" hits="0"/><line number="349" hits="0"/><line number="353" hits="0"/><line number="354" hits="0"/><line number="357" hits="0"/><line number="358" hits="0"/><line number="359" hits="0"/><line number="360" hits="0"/><line number="361" hits="0"/><line number="362" hits="0"/><line number="367" hits="0"/><line number="368" hits="0"/><line number="372" hits="0"/><line number="373" hits="0"/><line number="376" hits="0"/><line number="380" hits="0"/><line number="381" hits="0"/><line number="382" hits="0"/><line number="386" hits="0"/><line number="387" hits="0"/><line number="388" hits="0"/><line number="389" hits="0"/><line number="390" hits="0"/><line number="391" hits="0"/><line number="393" hits="0"/><line number="396" hits="0"/><line number="397" hits="0"/><line number="444" hits="0"/><line number="445" hits="0"/><line number="446" hits="0"/><line number="447" hits="0"/><line number="450" hits="0"/><line number="451" hits="0"/><line number="454" hits="0"/><line number="466" hits="0"/><line number="467" hits="0"/><line number="468" hits="0"/><line number="471" hits="0"/><line number="472" hits="0"/><line number="475" hits="0"/></lines></class></classes></package><package name="auth-service/src/infrastructure/storage/store" line-rate="0" branch-rate="0" complexity="0"><classes></classes></package><package name="enterprise/red-team-exercises/src/scenarios/mfa_bypass" line-rate="0" branch-rate="0" complexity="0"><classes></classes></package><package name="auth-service/src/config" line-rate="0" branch-rate="0" complexity="0"><classes><class name="mod" filename="auth-service/src/config/mod.rs" line-rate="0" branch-rate="0" complexity="0"><methods/><lines><line number="19" hits="0"/><line number="20" hits="0"/></lines></class></classes></package><package name="auth-service/tests" line-rate="0" branch-rate="0" complexity="0"><classes><class name="load_testing" filename="auth-service/tests/load_testing.rs" line-rate="0" branch-rate="0" complexity="0"><methods/><lines><line number="76" hits="0"/><line number="77" hits="0"/><line number="78" hits="0"/></lines></class><class name="mocking" filename="auth-service/tests/mocking.rs" line-rate="0" branch-rate="0" complexity="0"><methods/><lines><line number="156" hits="0"/><line number="157" hits="0"/></lines></class><class name="performance_test_suite" filename="auth-service/tests/performance_test_suite.rs" line-rate="0" branch-rate="0" complexity="0"><methods/><lines><line number="44" hits="0"/><line number="46" hits="0"/><line number="48" hits="0"/><line number="49" hits="0"/><line number="50" hits="0"/><line number="51" hits="0"/><line number="53" hits="0"/><line number="55" hits="0"/><line number="536" hits="0"/><line number="538" hits="0"/><line number="541" hits="0"/><line number="544" hits="0"/><line number="545" hits="0"/><line number="546" hits="0"/><line number="547" hits="0"/><line number="550" hits="0"/></lines></class><class name="performance_testing" filename="auth-service/tests/performance_testing.rs" line-rate="0" branch-rate="0" complexity="0"><methods/><lines><line number="110" hits="0"/><line number="118" hits="0"/><line number="119" hits="0"/><line number="120" hits="0"/><line number="124" hits="0"/><line number="125" hits="0"/><line number="128" hits="0"/><line number="129" hits="0"/><line number="130" hits="0"/><line number="131" hits="0"/><line number="134" hits="0"/><line number="135" hits="0"/><line number="136" hits="0"/><line number="137" hits="0"/><line number="138" hits="0"/><line number="140" hits="0"/><line number="141" hits="0"/><line number="142" hits="0"/><line number="144" hits="0"/><line number="147" hits="0"/><line number="148" hits="0"/><line number="149" hits="0"/><line number="153" hits="0"/><line number="154" hits="0"/><line number="156" hits="0"/><line number="157" hits="0"/><line number="158" hits="0"/><line number="159" hits="0"/><line number="163" hits="0"/><line number="164" hits="0"/><line number="167" hits="0"/><line number="168" hits="0"/><line number="173" hits="0"/><line number="177" hits="0"/><line number="178" hits="0"/><line number="179" hits="0"/><line number="181" hits="0"/><line number="183" hits="0"/><line number="184" hits="0"/><line number="185" hits="0"/><line number="186" hits="0"/><line number="187" hits="0"/><line number="189" hits="0"/><line number="190" hits="0"/><line number="192" hits="0"/><line number="193" hits="0"/><line number="194" hits="0"/><line number="195" hits="0"/><line number="196" hits="0"/><line number="197" hits="0"/><line number="198" hits="0"/><line number="199" hits="0"/><line number="202" hits="0"/><line number="203" hits="0"/><line number="204" hits="0"/><line number="205" hits="0"/><line number="206" hits="0"/><line number="210" hits="0"/><line number="214" hits="0"/><line number="215" hits="0"/><line number="216" hits="0"/><line number="219" hits="0"/><line number="221" hits="0"/><line number="224" hits="0"/><line number="225" hits="0"/><line number="226" hits="0"/><line number="227" hits="0"/><line number="230" hits="0"/><line number="231" hits="0"/><line number="232" hits="0"/><line number="237" hits="0"/><line number="238" hits="0"/><line number="239" hits="0"/><line number="243" hits="0"/><line number="244" hits="0"/><line number="245" hits="0"/><line number="247" hits="0"/><line number="251" hits="0"/><line number="252" hits="0"/><line number="253" hits="0"/><line number="254" hits="0"/><line number="256" hits="0"/><line number="257" hits="0"/><line number="258" hits="0"/><line number="259" hits="0"/><line number="260" hits="0"/><line number="261" hits="0"/><line number="263" hits="0"/></lines></class><class name="test_categories" filename="auth-service/tests/test_categories.rs" line-rate="0" branch-rate="0" complexity="0"><methods/><lines><line number="105" hits="0"/><line number="106" hits="0"/><line number="438" hits="0"/></lines></class><class name="test_fixtures" filename="auth-service/tests/test_fixtures.rs" line-rate="0" branch-rate="0" complexity="0"><methods/><lines><line number="37" hits="0"/><line number="38" hits="0"/><line number="39" hits="0"/><line number="43" hits="0"/><line number="44" hits="0"/><line number="45" hits="0"/><line number="62" hits="0"/><line number="63" hits="0"/><line number="64" hits="0"/><line number="68" hits="0"/><line number="69" hits="0"/><line number="70" hits="0"/></lines></class><class name="test_framework" filename="auth-service/tests/test_framework.rs" line-rate="0" branch-rate="0" complexity="0"><methods/><lines><line number="29" hits="0"/><line number="31" hits="0"/><line number="32" hits="0"/><line number="36" hits="0"/><line number="41" hits="0"/><line number="42" hits="0"/><line number="43" hits="0"/><line number="44" hits="0"/><line number="48" hits="0"/><line number="49" hits="0"/><line number="50" hits="0"/><line number="62" hits="0"/><line number="64" hits="0"/><line number="65" hits="0"/><line number="66" hits="0"/><line number="85" hits="0"/><line number="86" hits="0"/><line number="88" hits="0"/><line number="90" hits="0"/><line number="92" hits="0"/><line number="94" hits="0"/><line number="107" hits="0"/><line number="108" hits="0"/><line number="109" hits="0"/><line number="110" hits="0"/><line number="251" hits="0"/><line number="314" hits="0"/><line number="315" hits="0"/><line number="316" hits="0"/><line number="326" hits="0"/><line number="327" hits="0"/><line number="328" hits="0"/><line number="329" hits="0"/><line number="405" hits="0"/><line number="406" hits="0"/><line number="407" hits="0"/><line number="410" hits="0"/><line number="411" hits="0"/><line number="412" hits="0"/><line number="413" hits="0"/><line number="414" hits="0"/><line number="415" hits="0"/><line number="416" hits="0"/><line number="417" hits="0"/><line number="418" hits="0"/><line number="420" hits="0"/><line number="422" hits="0"/><line number="426" hits="0"/><line number="427" hits="0"/><line number="428" hits="0"/><line number="429" hits="0"/><line number="433" hits="0"/><line number="435" hits="0"/><line number="436" hits="0"/><line number="437" hits="0"/><line number="438" hits="0"/><line number="439" hits="0"/><line number="440" hits="0"/><line number="441" hits="0"/><line number="496" hits="0"/><line number="498" hits="0"/><line number="499" hits="0"/><line number="501" hits="0"/><line number="502" hits="0"/><line number="503" hits="0"/><line number="504" hits="0"/><line number="507" hits="0"/><line number="510" hits="0"/><line number="511" hits="0"/><line number="512" hits="0"/></lines></class><class name="test_isolation" filename="auth-service/tests/test_isolation.rs" line-rate="0" branch-rate="0" complexity="0"><methods/><lines><line number="52" hits="0"/><line number="53" hits="0"/><line number="54" hits="0"/><line number="57" hits="0"/><line number="58" hits="0"/><line number="61" hits="0"/><line number="66" hits="0"/><line number="67" hits="0"/><line number="75" hits="0"/><line number="148" hits="0"/><line number="149" hits="0"/><line number="175" hits="0"/><line number="176" hits="0"/><line number="228" hits="0"/><line number="229" hits="0"/><line number="238" hits="0"/><line number="239" hits="0"/><line number="240" hits="0"/><line number="241" hits="0"/><line number="245" hits="0"/><line number="246" hits="0"/><line number="247" hits="0"/><line number="248" hits="0"/><line number="249" hits="0"/><line number="250" hits="0"/><line number="304" hits="0"/><line number="305" hits="0"/><line number="306" hits="0"/><line number="307" hits="0"/><line number="333" hits="0"/><line number="334" hits="0"/><line number="336" hits="0"/><line number="337" hits="0"/><line number="381" hits="0"/><line number="384" hits="0"/><line number="386" hits="0"/><line number="398" hits="0"/><line number="399" hits="0"/><line number="402" hits="0"/><line number="405" hits="0"/><line number="407" hits="0"/></lines></class><class name="test_utils" filename="auth-service/tests/test_utils.rs" line-rate="0" branch-rate="0" complexity="0"><methods/><lines><line number="325" hits="0"/><line number="326" hits="0"/><line number="328" hits="0"/><line number="330" hits="0"/><line number="331" hits="0"/><line number="332" hits="0"/><line number="335" hits="0"/><line number="336" hits="0"/><line number="337" hits="0"/><line number="341" hits="0"/><line number="342" hits="0"/><line number="343" hits="0"/><line number="346" hits="0"/><line number="347" hits="0"/><line number="373" hits="0"/><line number="375" hits="0"/><line number="376" hits="0"/><line number="377" hits="0"/><line number="378" hits="0"/><line number="381" hits="0"/><line number="383" hits="0"/><line number="384" hits="0"/><line number="385" hits="0"/><line number="386" hits="0"/><line number="404" hits="0"/><line number="405" hits="0"/><line number="407" hits="0"/><line number="408" hits="0"/><line number="409" hits="0"/><line number="410" hits="0"/><line number="411" hits="0"/><line number="412" hits="0"/><line number="413" hits="0"/><line number="414" hits="0"/><line number="416" hits="0"/><line number="418" hits="0"/><line number="421" hits="0"/><line number="422" hits="0"/><line number="423" hits="0"/><line number="424" hits="0"/><line number="427" hits="0"/><line number="428" hits="0"/><line number="430" hits="0"/></lines></class></classes></package><package name="src/config" line-rate="0" branch-rate="0" complexity="0"><classes></classes></package><package name="auth-service/fuzz/fuzz_targets" line-rate="0" branch-rate="0" complexity="0"><classes></classes></package><package name="auth-service/src/domain/entities" line-rate="0" branch-rate="0" complexity="0"><classes></classes></package><package name="auth-service/src/middleware" line-rate="0" branch-rate="0" complexity="0"><classes><class name="security_enhanced" filename="auth-service/src/middleware/security_enhanced.rs" line-rate="0" branch-rate="0" complexity="0"><methods/><lines><line number="156" hits="0"/><line number="157" hits="0"/><line number="158" hits="0"/><line number="159" hits="0"/><line number="160" hits="0"/><line number="161" hits="0"/><line number="162" hits="0"/></lines></class></classes></package><package name="auth-service/src/modules/middleware" line-rate="0" branch-rate="0" complexity="0"><classes></classes></package><package name="benchmarks/benches" line-rate="0" branch-rate="0" complexity="0"><classes></classes></package><package name="enterprise/compliance-tools/target/debug/build/typenum-720da05968b251aa/out" line-rate="0" branch-rate="0" complexity="0"><classes></classes></package><package name="auth-service/src/core" line-rate="0" branch-rate="0" complexity="0"><classes><class name="errors" filename="auth-service/src/core/errors.rs" line-rate="0" branch-rate="0" complexity="0"><methods/><lines><line number="362" hits="0"/><line number="364" hits="0"/></lines></class></classes></package><package name="mvp-oauth-service/src" line-rate="0" branch-rate="0" complexity="0"><classes></classes></package><package name="mvp-tools/input-validation/tests" line-rate="0" branch-rate="0" complexity="0"><classes></classes></package><package name="" line-rate="0.1263725294469954" branch-rate="0" complexity="0"><classes></classes></package><package name="auth-service/src/modules/api" line-rate="0" branch-rate="0" complexity="0"><classes></classes></package><package name="auth-service/src/infrastructure/monitoring" line-rate="0" branch-rate="0" complexity="0"><classes><class name="observability_init" filename="auth-service/src/infrastructure/monitoring/observability_init.rs" line-rate="0" branch-rate="0" complexity="0"><methods/><lines><line number="451" hits="0"/><line number="452" hits="0"/><line number="453" hits="0"/></lines></class><class name="tracing_config" filename="auth-service/src/infrastructure/monitoring/tracing_config.rs" line-rate="0" branch-rate="0" complexity="0"><methods/><lines><line number="530" hits="0"/><line number="533" hits="0"/><line number="534" hits="0"/><line number="535" hits="0"/><line number="540" hits="0"/><line number="542" hits="0"/><line number="543" hits="0"/><line number="544" hits="0"/><line number="545" hits="0"/><line number="546" hits="0"/><line number="547" hits="0"/><line number="548" hits="0"/><line number="551" hits="0"/></lines></class></classes></package><package name="enterprise/policy-service/tests" line-rate="0" branch-rate="0" complexity="0"><classes></classes></package><package name="auth-service/tests/integration" line-rate="0" branch-rate="0" complexity="0"><classes></classes></package><package name="mvp-tools/auth-core/src/handler" line-rate="0" branch-rate="0" complexity="0"><classes></classes></package><package name="common/src/database" line-rate="0.1662971175166297" branch-rate="0" complexity="0"><classes><class name="config" filename="common/src/database/config.rs" line-rate="0.1518987341772152" branch-rate="0" complexity="0"><methods/><lines><line number="47" hits="3"/><line number="49" hits="9"/><line number="51" hits="6"/><line number="52" hits="6"/><line number="53" hits="9"/><line number="54" hits="9"/><line number="55" hits="3"/><line number="94" hits="2"/><line number="98" hits="4"/><line number="99" hits="4"/><line number="100" hits="2"/><line number="103" hits="2"/><line number="131" hits="0"/><line number="133" hits="0"/><line number="134" hits="0"/><line number="135" hits="0"/><line number="138" hits="0"/><line number="183" hits="0"/><line number="185" hits="0"/><line number="186" hits="0"/><line number="187" hits="0"/><line number="197" hits="0"/><line number="198" hits="0"/><line number="201" hits="0"/><line number="202" hits="0"/><line number="206" hits="0"/><line number="207" hits="0"/><line number="211" hits="0"/><line number="217" hits="0"/><line number="218" hits="0"/><line number="219" hits="0"/><line number="220" hits="0"/><line number="225" hits="0"/><line number="226" hits="0"/><line number="229" hits="0"/><line number="233" hits="0"/><line number="234" hits="0"/><line number="235" hits="0"/><line number="240" hits="0"/><line number="241" hits="0"/><line number="242" hits="0"/><line number="243" hits="0"/><line number="244" hits="0"/><line number="245" hits="0"/><line number="250" hits="0"/><line number="251" hits="0"/><line number="252" hits="0"/><line number="253" hits="0"/><line number="255" hits="0"/><line number="256" hits="0"/><line number="257" hits="0"/><line number="258" hits="0"/><line number="262" hits="0"/><line number="263" hits="0"/><line number="264" hits="0"/><line number="265" hits="0"/><line number="269" hits="0"/><line number="273" hits="0"/><line number="274" hits="0"/><line number="278" hits="0"/><line number="279" hits="0"/><line number="285" hits="0"/><line number="286" hits="0"/><line number="289" hits="0"/><line number="290" hits="0"/><line number="295" hits="0"/><line number="296" hits="0"/><line number="300" hits="0"/><line number="301" hits="0"/><line number="305" hits="0"/><line number="306" hits="0"/><line number="310" hits="0"/><line number="311" hits="0"/><line number="316" hits="0"/><line number="317" hits="0"/><line number="318" hits="0"/><line number="321" hits="0"/><line number="322" hits="0"/><line number="326" hits="0"/></lines></class><class name="connections" filename="common/src/database/connections.rs" line-rate="0.41025641025641024" branch-rate="0" complexity="0"><methods/><lines><line number="25" hits="3"/><line number="34" hits="2"/><line number="35" hits="4"/><line number="39" hits="1"/><line number="40" hits="2"/><line number="44" hits="1"/><line number="45" hits="1"/><line number="56" hits="2"/><line number="57" hits="2"/><line number="58" hits="2"/><line number="63" hits="0"/><line number="64" hits="0"/><line number="67" hits="0"/><line number="68" hits="0"/><line number="72" hits="0"/><line number="73" hits="0"/><line number="74" hits="0"/><line number="77" hits="0"/><line number="81" hits="0"/><line number="85" hits="0"/><line number="86" hits="0"/><line number="90" hits="0"/><line number="92" hits="0"/><line number="93" hits="0"/><line number="94" hits="0"/><line number="98" hits="0"/><line number="99" hits="0"/><line number="100" hits="0"/><line number="101" hits="0"/><line number="103" hits="0"/><line number="107" hits="0"/><line number="108" hits="0"/><line number="111" hits="0"/><line number="112" hits="0"/><line number="113" hits="0"/><line number="114" hits="0"/><line number="115" hits="0"/><line number="116" hits="0"/><line number="122" hits="0"/><line number="123" hits="0"/><line number="124" hits="0"/><line number="125" hits="0"/><line number="126" hits="0"/><line number="127" hits="0"/><line number="132" hits="0"/><line number="136" hits="0"/><line number="143" hits="0"/><line number="144" hits="0"/><line number="147" hits="0"/><line number="148" hits="0"/><line number="149" hits="0"/><line number="150" hits="0"/><line number="154" hits="0"/><line number="155" hits="0"/><line number="156" hits="0"/><line number="157" hits="0"/><line number="158" hits="0"/><line number="161" hits="0"/><line number="165" hits="0"/><line number="169" hits="0"/><line number="170" hits="0"/><line number="173" hits="0"/><line number="175" hits="0"/><line number="176" hits="0"/><line number="177" hits="0"/><line number="181" hits="0"/><line number="182" hits="0"/><line number="183" hits="0"/><line number="184" hits="0"/><line number="186" hits="0"/><line number="190" hits="0"/><line number="191" hits="0"/><line number="194" hits="0"/><line number="195" hits="0"/><line number="196" hits="0"/><line number="200" hits="0"/><line number="201" hits="0"/><line number="202" hits="0"/><line number="205" hits="0"/><line number="220" hits="7"/><line number="221" hits="13"/><line number="222" hits="8"/><line number="226" hits="20"/><line number="227" hits="32"/><line number="231" hits="17"/><line number="232" hits="31"/><line number="236" hits="8"/><line number="237" hits="16"/><line number="239" hits="16"/><line number="240" hits="9"/><line number="241" hits="6"/><line number="243" hits="5"/><line number="244" hits="5"/><line number="245" hits="5"/><line number="246" hits="5"/><line number="247" hits="5"/><line number="252" hits="16"/><line number="253" hits="5"/><line number="254" hits="3"/><line number="256" hits="3"/><line number="257" hits="3"/><line number="258" hits="3"/><line number="259" hits="3"/><line number="260" hits="3"/><line number="265" hits="16"/><line number="266" hits="2"/><line number="268" hits="7"/><line number="284" hits="5"/><line number="285" hits="9"/><line number="286" hits="6"/><line number="290" hits="5"/><line number="291" hits="10"/><line number="293" hits="11"/><line number="294" hits="2"/><line number="297" hits="10"/><line number="298" hits="4"/><line number="301" hits="5"/></lines></class><class name="error" filename="common/src/database/error.rs" line-rate="0" branch-rate="0" complexity="0"><methods/><lines><line number="58" hits="0"/><line number="59" hits="0"/><line number="64" hits="0"/><line number="65" hits="0"/><line number="70" hits="0"/><line number="71" hits="0"/><line number="76" hits="0"/><line number="77" hits="0"/><line number="82" hits="0"/><line number="83" hits="0"/><line number="88" hits="0"/><line number="89" hits="0"/><line number="109" hits="0"/><line number="110" hits="0"/><line number="111" hits="0"/><line number="112" hits="0"/><line number="116" hits="0"/><line number="117" hits="0"/><line number="118" hits="0"/><line number="119" hits="0"/><line number="123" hits="0"/><line number="124" hits="0"/><line number="125" hits="0"/><line number="126" hits="0"/></lines></class><class name="migrations" filename="common/src/database/migrations.rs" line-rate="0" branch-rate="0" complexity="0"><methods/><lines><line number="50" hits="0"/><line number="53" hits="0"/><line number="58" hits="0"/><line number="59" hits="0"/><line number="63" hits="0"/><line number="64" hits="0"/><line number="71" hits="0"/><line number="73" hits="0"/><line number="74" hits="0"/><line number="80" hits="0"/><line number="81" hits="0"/></lines></class><class name="mod" filename="common/src/database/mod.rs" line-rate="0.2777777777777778" branch-rate="0" complexity="0"><methods/><lines><line number="32" hits="0"/><line number="34" hits="0"/><line number="37" hits="0"/><line number="40" hits="0"/><line number="43" hits="0"/><line number="45" hits="0"/><line number="46" hits="0"/><line number="47" hits="0"/><line number="48" hits="0"/><line number="49" hits="0"/><line number="54" hits="0"/><line number="55" hits="0
[...]
ts="0"/><line number="71" hits="0"/><line number="72" hits="0"/><line number="74" hits="0"/><line number="83" hits="0"/><line number="85" hits="0"/><line number="86" hits="0"/><line number="87" hits="0"/><line number="92" hits="0"/><line number="93" hits="0"/><line number="108" hits="0"/><line number="109" hits="0"/><line number="115" hits="0"/><line number="119" hits="0"/><line number="120" hits="0"/><line number="123" hits="0"/><line number="124" hits="0"/><line number="125" hits="0"/><line number="126" hits="0"/><line number="147" hits="0"/><line number="149" hits="0"/><line number="151" hits="0"/><line number="164" hits="0"/><line number="165" hits="0"/><line number="166" hits="0"/><line number="167" hits="0"/><line number="168" hits="0"/><line number="169" hits="0"/><line number="170" hits="0"/><line number="172" hits="0"/><line number="173" hits="0"/><line number="176" hits="0"/><line number="177" hits="0"/><line number="181" hits="0"/><line number="182" hits="0"/><line number="185" hits="0"/><line number="186" hits="0"/><line number="189" hits="0"/><line number="192" hits="0"/><line number="193" hits="0"/><line number="196" hits="0"/><line number="197" hits="0"/><line number="200" hits="0"/><line number="201" hits="0"/><line number="202" hits="0"/><line number="205" hits="0"/><line number="206" hits="0"/><line number="207" hits="0"/><line number="210" hits="0"/><line number="213" hits="0"/><line number="214" hits="0"/><line number="216" hits="0"/><line number="218" hits="0"/><line number="221" hits="0"/><line number="223" hits="0"/><line number="224" hits="0"/><line number="226" hits="0"/><line number="227" hits="0"/><line number="231" hits="0"/><line number="232" hits="0"/><line number="234" hits="0"/><line number="237" hits="0"/><line number="238" hits="0"/><line number="241" hits="0"/><line number="242" hits="0"/></lines></class></classes></package><package name="auth-service/src/threat_user_profiler/time_series" line-rate="0" branch-rate="0" complexity="0"><classes></classes></package><package name="auth-service/src/soar_core/types" line-rate="0" branch-rate="0" complexity="0"><classes></classes></package><package name="auth-service/src/tests" line-rate="0" branch-rate="0" complexity="0"><classes></classes></package><package name="src" line-rate="0" branch-rate="0" complexity="0"><classes></classes></package><package name="auth-service/src/threat_profiling" line-rate="0" branch-rate="0" complexity="0"><classes></classes></package><package name="enterprise/security-platform/soc-platform/src" line-rate="0" branch-rate="0" complexity="0"><classes></classes></package><package name="common/src/security" line-rate="0.15639810426540285" branch-rate="0" complexity="0"><classes><class name="config" filename="common/src/security/config.rs" line-rate="0" branch-rate="0" complexity="0"><methods/><lines><line number="85" hits="0"/><line number="86" hits="0"/><line number="87" hits="0"/><line number="90" hits="0"/><line number="92" hits="0"/><line number="93" hits="0"/><line number="99" hits="0"/><line number="100" hits="0"/><line number="101" hits="0"/><line number="102" hits="0"/><line number="103" hits="0"/><line number="104" hits="0"/><line number="107" hits="0"/><line number="112" hits="0"/><line number="113" hits="0"/><line number="114" hits="0"/><line number="119" hits="0"/><line number="120" hits="0"/><line number="121" hits="0"/><line number="122" hits="0"/><line number="127" hits="0"/><line number="128" hits="0"/><line number="129" hits="0"/><line number="130" hits="0"/><line number="131" hits="0"/><line number="132" hits="0"/><line number="133" hits="0"/><line number="138" hits="0"/><line number="139" hits="0"/><line number="140" hits="0"/><line number="141" hits="0"/><line number="142" hits="0"/><line number="143" hits="0"/><line number="147" hits="0"/><line number="152" hits="0"/><line number="155" hits="0"/><line number="160" hits="0"/><line number="163" hits="0"/><line number="164" hits="0"/><line number="169" hits="0"/><line number="170" hits="0"/><line number="171" hits="0"/><line number="172" hits="0"/><line number="173" hits="0"/><line number="183" hits="0"/><line number="184" hits="0"/><line number="185" hits="0"/><line number="186" hits="0"/><line number="187" hits="0"/><line number="194" hits="0"/><line number="195" hits="0"/><line number="197" hits="0"/><line number="213" hits="0"/><line number="215" hits="0"/><line number="217" hits="0"/><line number="218" hits="0"/><line number="221" hits="0"/><line number="223" hits="0"/><line number="227" hits="0"/><line number="228" hits="0"/><line number="229" hits="0"/><line number="231" hits="0"/><line number="232" hits="0"/><line number="233" hits="0"/><line number="234" hits="0"/><line number="238" hits="0"/><line number="239" hits="0"/><line number="240" hits="0"/><line number="241" hits="0"/><line number="243" hits="0"/><line number="244" hits="0"/><line number="245" hits="0"/><line number="249" hits="0"/><line number="253" hits="0"/><line number="258" hits="0"/><line number="259" hits="0"/><line number="260" hits="0"/><line number="262" hits="0"/><line number="267" hits="0"/><line number="268" hits="0"/><line number="269" hits="0"/><line number="273" hits="0"/><line number="277" hits="0"/><line number="278" hits="0"/><line number="279" hits="0"/><line number="284" hits="0"/><line number="285" hits="0"/><line number="286" hits="0"/><line number="291" hits="0"/><line number="292" hits="0"/><line number="296" hits="0"/><line number="297" hits="0"/><line number="300" hits="0"/><line number="304" hits="0"/><line number="305" hits="0"/><line number="308" hits="0"/><line number="309" hits="0"/><line number="311" hits="0"/><line number="313" hits="0"/><line number="315" hits="0"/><line number="316" hits="0"/><line number="318" hits="0"/><line number="320" hits="0"/><line number="324" hits="0"/><line number="340" hits="0"/><line number="341" hits="0"/><line number="342" hits="0"/><line number="343" hits="0"/><line number="344" hits="0"/><line number="345" hits="0"/><line number="346" hits="0"/><line number="347" hits="0"/><line number="348" hits="0"/><line number="349" hits="0"/><line number="350" hits="0"/><line number="351" hits="0"/><line number="359" hits="0"/><line number="360" hits="0"/><line number="361" hits="0"/><line number="362" hits="0"/><line number="363" hits="0"/><line number="364" hits="0"/><line number="365" hits="0"/><line number="373" hits="0"/><line number="374" hits="0"/><line number="375" hits="0"/><line number="376" hits="0"/><line number="377" hits="0"/><line number="378" hits="0"/><line number="380" hits="0"/><line number="388" hits="0"/><line number="389" hits="0"/><line number="390" hits="0"/><line number="391" hits="0"/><line number="392" hits="0"/><line number="393" hits="0"/><line number="394" hits="0"/><line number="395" hits="0"/><line number="396" hits="0"/><line number="397" hits="0"/><line number="398" hits="0"/><line number="406" hits="0"/><line number="407" hits="0"/><line number="408" hits="0"/><line number="409" hits="0"/><line number="410" hits="0"/><line number="418" hits="0"/><line number="419" hits="0"/><line number="420" hits="0"/><line number="421" hits="0"/><line number="422" hits="0"/></lines></class><class name="defaults" filename="common/src/security/defaults.rs" line-rate="1" branch-rate="0" complexity="0"><methods/><lines><line number="23" hits="2"/><line number="25" hits="4"/><line number="26" hits="4"/><line number="27" hits="4"/><line number="28" hits="4"/><line number="29" hits="4"/><line number="30" hits="4"/><line number="31" hits="4"/><line number="32" hits="2"/><line number="33" hits="2"/><line number="45" hits="5"/><line number="47" hits="15"/><line number="51" hits="10"/><line number="63" hits="4"/><line number="65" hits="4"/><line number="79" hits="4"/><line number="98" hits="4"/><line number="119" hits="4"/><line number="140" hits="5"/><line number="142" hits="10"/><line number="143" hits="40"/><line number="144" hits="20"/><line number="158" hits="4"/><line number="165" hits="4"/><line number="177" hits="5"/><line number="192" hits="5"/><line number="198" hits="5"/><line number="208" hits="5"/><line number="210" hits="15"/><line number="211" hits="10"/><line number="230" hits="1"/><line number="232" hits="2"/><line number="238" hits="2"/><line number="243" hits="2"/><line number="247" hits="2"/><line number="251" hits="2"/><line number="255" hits="2"/><line number="260" hits="1"/><line number="275" hits="1"/><line number="277" hits="2"/><line number="283" hits="2"/><line number="288" hits="2"/><line number="294" hits="2"/><line number="303" hits="2"/><line number="311" hits="2"/><line number="315" hits="2"/><line number="320" hits="1"/><line number="325" hits="1"/></lines></class><class name="mod" filename="common/src/security/mod.rs" line-rate="1" branch-rate="0" complexity="0"><methods/><lines><line number="439" hits="8"/><line number="440" hits="16"/><line number="441" hits="6"/><line number="442" hits="4"/><line number="443" hits="3"/><line number="445" hits="6"/><line number="451" hits="1"/><line number="452" hits="1"/><line number="457" hits="1"/><line number="458" hits="1"/><line number="463" hits="1"/><line number="464" hits="1"/><line number="469" hits="1"/><line number="470" hits="1"/><line number="475" hits="1"/><line number="476" hits="1"/><line number="481" hits="1"/><line number="482" hits="1"/></lines></class><class name="validation" filename="common/src/security/validation.rs" line-rate="0" branch-rate="0" complexity="0"><methods/><lines><line number="41" hits="0"/><line number="43" hits="0"/><line number="46" hits="0"/><line number="47" hits="0"/><line number="48" hits="0"/><line number="49" hits="0"/><line number="50" hits="0"/><line number="51" hits="0"/><line number="53" hits="0"/><line number="57" hits="0"/><line number="59" hits="0"/><line number="60" hits="0"/><line number="61" hits="0"/><line number="66" hits="0"/><line number="67" hits="0"/><line number="68" hits="0"/><line number="73" hits="0"/><line number="74" hits="0"/><line number="75" hits="0"/><line number="80" hits="0"/><line number="82" hits="0"/><line number="86" hits="0"/><line number="88" hits="0"/><line number="89" hits="0"/><line number="90" hits="0"/><line number="95" hits="0"/><line number="96" hits="0"/><line number="97" hits="0"/><line number="102" hits="0"/><line number="103" hits="0"/><line number="104" hits="0"/><line number="109" hits="0"/><line number="110" hits="0"/><line number="111" hits="0"/><line number="116" hits="0"/><line number="117" hits="0"/><line number="120" hits="0"/><line number="124" hits="0"/><line number="126" hits="0"/><line number="127" hits="0"/><line number="131" hits="0"/><line number="132" hits="0"/><line number="136" hits="0"/><line number="137" hits="0"/><line number="141" hits="0"/><line number="144" hits="0"/><line number="145" hits="0"/><line number="146" hits="0"/><line number="150" hits="0"/><line number="155" hits="0"/><line number="159" hits="0"/><line number="160" hits="0"/><line number="161" hits="0"/><line number="162" hits="0"/><line number="166" hits="0"/><line number="167" hits="0"/><line number="169" hits="0"/><line number="170" hits="0"/><line number="175" hits="0"/><line number="176" hits="0"/><line number="178" hits="0"/><line number="179" hits="0"/><line number="184" hits="0"/><line number="185" hits="0"/><line number="189" hits="0"/><line number="190" hits="0"/><line number="193" hits="0"/><line number="197" hits="0"/><line number="199" hits="0"/><line number="200" hits="0"/><line number="201" hits="0"/><line number="202" hits="0"/><line number="205" hits="0"/><line number="209" hits="0"/><line number="210" hits="0"/><line number="211" hits="0"/><line number="212" hits="0"/><line number="218" hits="0"/><line number="219" hits="0"/><line number="220" hits="0"/><line number="221" hits="0"/><line number="223" hits="0"/><line number="225" hits="0"/><line number="227" hits="0"/><line number="228" hits="0"/><line number="231" hits="0"/><line number="235" hits="0"/><line number="236" hits="0"/><line number="239" hits="0"/><line number="240" hits="0"/><line number="241" hits="0"/><line number="246" hits="0"/><line number="247" hits="0"/><line number="251" hits="0"/><line number="254" hits="0"/><line number="256" hits="0"/><line number="257" hits="0"/><line number="262" hits="0"/><line number="263" hits="0"/><line number="264" hits="0"/><line number="269" hits="0"/><line number="270" hits="0"/><line number="271" hits="0"/><line number="275" hits="0"/><line number="279" hits="0"/><line number="280" hits="0"/><line number="281" hits="0"/><line number="282" hits="0"/><line number="283" hits="0"/><line number="284" hits="0"/><line number="285" hits="0"/><line number="286" hits="0"/><line number="287" hits="0"/><line number="291" hits="0"/><line number="292" hits="0"/><line number="293" hits="0"/><line number="294" hits="0"/><line number="295" hits="0"/><line number="301" hits="0"/><line number="302" hits="0"/><line number="303" hits="0"/><line number="304" hits="0"/><line number="305" hits="0"/><line number="306" hits="0"/><line number="313" hits="0"/><line number="314" hits="0"/><line number="315" hits="0"/><line number="316" hits="0"/><line number="317" hits="0"/><line number="322" hits="0"/><line number="326" hits="0"/><line number="330" hits="0"/><line number="331" hits="0"/><line number="332" hits="0"/><line number="333" hits="0"/><line number="334" hits="0"/><line number="336" hits="0"/><line number="337" hits="0"/><line number="343" hits="0"/><line number="345" hits="0"/><line number="346" hits="0"/><line number="347" hits="0"/><line number="352" hits="0"/><line number="353" hits="0"/><line number="354" hits="0"/><line number="359" hits="0"/><line number="360" hits="0"/><line number="364" hits="0"/><line number="365" hits="0"/><line number="369" hits="0"/><line number="370" hits="0"/><line number="374" hits="0"/><line number="375" hits="0"/><line number="379" hits="0"/><line number="380" hits="0"/><line number="384" hits="0"/><line number="385" hits="0"/><line number="388" hits="0"/><line number="392" hits="0"/><line number="394" hits="0"/><line number="395" hits="0"/><line number="398" hits="0"/><line number="399" hits="0"/><line number="402" hits="0"/><line number="406" hits="0"/><line number="408" hits="0"/><line number="409" hits="0"/><line number="412" hits="0"/><line number="413" hits="0"/><line number="416" hits="0"/><line number="420" hits="0"/><line number="422" hits="0"/><line number="424" hits="0"/><line number="427" hits="0"/><line number="429" hits="0"/><line number="432" hits="0"/><line number="449" hits="0"/><line number="452" hits="0"/><line number="453" hits="0"/><line number="457" hits="0"/><line number="458" hits="0"/><line number="459" hits="0"/><line number="463" hits="0"/><line number="465" hits="0"/><line number="469" hits="0"/><line number="471" hits="0"/><line number="472" hits="0"/><line number="475" hits="0"/><line number="476" hits="0"/><line number="480" hits="0"/><line number="481" hits="0"/><line number="485" hits="0"/><line number="486" hits="0"/><line number="490" hits="0"/><line number="491" hits="0"/><line number="495" hits="0"/><line number="496" hits="0"/><line number="497" hits="0"/><line number="502" hits="0"/><line number="503" hits="0"/><line number="504" hits="0"/><line number="509" hits="0"/><line number="510" hits="0"/><line number="511" hits="0"/><line number="512" hits="0"/></lines></class></classes></package><package name="auth-service/src/threat_user_profiler" line-rate="0" branch-rate="0" complexity="0"><classes></classes></package><package name="auth-service/src/infrastructure" line-rate="0" branch-rate="0" complexity="0"><classes></classes></package><package name="auth-service/src/features" line-rate="0" branch-rate="0" complexity="0"><classes></classes></package><package name="auth-service/src/shared/errors" line-rate="0" branch-rate="0" complexity="0"><classes></classes></package><package name="mvp-tools/input-validation/src" line-rate="0" branch-rate="0" complexity="0"><classes><class name="error_handling" filename="mvp-tools/input-validation/src/error_handling.rs" line-rate="0" branch-rate="0" complexity="0"><methods/><lines><line number="67" hits="0"/><line number="71" hits="0"/><line number="72" hits="0"/><line number="73" hits="0"/><line number="77" hits="0"/><line number="78" hits="0"/><line number="82" hits="0"/><line number="83" hits="0"/><line number="87" hits="0"/><line number="88" hits="0"/><line number="92" hits="0"/><line number="93" hits="0"/><line number="97" hits="0"/><line number="98" hits="0"/><line number="248" hits="0"/><line number="250" hits="0"/><line number="251" hits="0"/><line number="254" hits="0"/><line number="258" hits="0"/><line number="259" hits="0"/><line number="260" hits="0"/><line number="263" hits="0"/><line number="264" hits="0"/><line number="265" hits="0"/><line number="268" hits="0"/><line number="269" hits="0"/><line number="270" hits="0"/></lines></class><class name="fuzzing" filename="mvp-tools/input-validation/src/fuzzing.rs" line-rate="0" branch-rate="0" complexity="0"><methods/><lines><line number="443" hits="0"/><line number="444" hits="0"/></lines></class><class name="middleware" filename="mvp-tools/input-validation/src/middleware.rs" line-rate="0" branch-rate="0" complexity="0"><methods/><lines><line number="411" hits="0"/><line number="413" hits="0"/><line number="414" hits="0"/><line number="417" hits="0"/><line number="418" hits="0"/><line number="422" hits="0"/><line number="423" hits="0"/><line number="426" hits="0"/><line number="427" hits="0"/><line number="429" hits="0"/><line number="430" hits="0"/><line number="431" hits="0"/><line number="435" hits="0"/><line number="436" hits="0"/><line number="438" hits="0"/><line number="454" hits="0"/><line number="455" hits="0"/><line number="456" hits="0"/><line number="459" hits="0"/><line number="460" hits="0"/><line number="464" hits="0"/><line number="465" hits="0"/><line number="467" hits="0"/><line number="468" hits="0"/><line number="469" hits="0"/><line number="473" hits="0"/><line number="474" hits="0"/><line number="475" hits="0"/><line number="477" hits="0"/></lines></class><class name="parsers" filename="mvp-tools/input-validation/src/parsers.rs" line-rate="0" branch-rate="0" complexity="0"><methods/><lines><line number="121" hits="0"/><line number="122" hits="0"/><line number="125" hits="0"/><line number="126" hits="0"/><line number="127" hits="0"/><line number="130" hits="0"/><line number="131" hits="0"/></lines></class><class name="property_testing" filename="mvp-tools/input-validation/src/property_testing.rs" line-rate="0" branch-rate="0" complexity="0"><methods/><lines><line number="96" hits="0"/><line number="97" hits="0"/><line number="115" hits="0"/><line number="116" hits="0"/></lines></class><class name="validation" filename="mvp-tools/input-validation/src/validation.rs" line-rate="0" branch-rate="0" complexity="0"><methods/><lines><line number="160" hits="0"/><line number="569" hits="0"/><line number="574" hits="0"/><line number="575" hits="0"/><line number="579" hits="0"/><line number="580" hits="0"/><line number="728" hits="0"/><line number="730" hits="0"/><line number="731" hits="0"/><line number="732" hits="0"/><line number="733" hits="0"/><line number="734" hits="0"/><line number="735" hits="0"/><line number="736" hits="0"/><line number="737" hits="0"/><line number="738" hits="0"/><line number="739" hits="0"/><line number="743" hits="0"/></lines></class></classes></package><package name="src/integration" line-rate="0" branch-rate="0" complexity="0"><classes></classes></package><package name="auth-service/src/soar_core" line-rate="0" branch-rate="0" complexity="0"><classes></classes></package><package name="enterprise/red-team-exercises/target/debug/build/protobuf-f6b2f76876839c41/out" line-rate="0" branch-rate="0" complexity="0"><classes></classes></package></packages></coverage>